# JRE version: Java(TM) SE Runtime Environment (7.0_72-b14) (build 1.7.0_72-b14)
# Java VM: Java HotSpot(TM) Client VM (24.72-b04 mixed mode, sharing windows-x86 )
Heap
 def new generation   total 15552K, used 8366K [0x24800000, 0x258e0000, 0x29d50000)
  eden space 13824K,  48% used [0x24800000, 0x24e7b938, 0x25580000)
  from space 1728K,  99% used [0x25580000, 0x2572fff8, 0x25730000)
  to   space 1728K,   0% used [0x25730000, 0x25730000, 0x258e0000)
 tenured generation   total 34508K, used 31057K [0x29d50000, 0x2bf03000, 0x34800000)
   the space 34508K,  90% used [0x29d50000, 0x2bba46d0, 0x2bba4800, 0x2bf03000)
 compacting perm gen  total 14080K, used 13998K [0x34800000, 0x355c0000, 0x38800000)
   the space 14080K,  99% used [0x34800000, 0x355ab940, 0x355aba00, 0x355c0000)
    ro space 10240K,  44% used [0x38800000, 0x38c7b1c8, 0x38c7b200, 0x39200000)
    rw space 12288K,  52% used [0x39200000, 0x398431d0, 0x39843200, 0x39e00000)
GC Heap History (10 events):
Event: 29.551 GC heap before
{Heap before GC invocations=56 (full 4):
 def new generation   total 15552K, used 15552K [0x24800000, 0x258e0000, 0x29d50000)
  eden space 13824K, 100% used [0x24800000, 0x25580000, 0x25580000)
  from space 1728K, 100% used [0x25730000, 0x258e0000, 0x258e0000)
  to   space 1728K,   0% used [0x25580000, 0x25580000, 0x25730000)
 tenured generation   total 34508K, used 21215K [0x29d50000, 0x2bf03000, 0x34800000)
   the space 34508K,  61% used [0x29d50000, 0x2b207ff0, 0x2b208000, 0x2bf03000)
 compacting perm gen  total 14080K, used 13997K [0x34800000, 0x355c0000, 0x38800000)
   the space 14080K,  99% used [0x34800000, 0x355ab770, 0x355ab800, 0x355c0000)
    ro space 10240K,  44% used [0x38800000, 0x38c7b1c8, 0x38c7b200, 0x39200000)
    rw space 12288K,  52% used [0x39200000, 0x398431d0, 0x39843200, 0x39e00000)
Event: 29.567 GC heap after
Heap after GC invocations=57 (full 4):
 def new generation   total 15552K, used 1727K [0x24800000, 0x258e0000, 0x29d50000)
  eden space 13824K,   0% used [0x24800000, 0x24800000, 0x25580000)
  from space 1728K,  99% used [0x25580000, 0x2572fff8, 0x25730000)
  to   space 1728K,   0% used [0x25730000, 0x25730000, 0x258e0000)
 tenured generation   total 34508K, used 23260K [0x29d50000, 0x2bf03000, 0x34800000)
   the space 34508K,  67% used [0x29d50000, 0x2b407280, 0x2b407400, 0x2bf03000)
 compacting perm gen  total 14080K, used 13997K [0x34800000, 0x355c0000, 0x38800000)
   the space 14080K,  99% used [0x34800000, 0x355ab770, 0x355ab800, 0x355c0000)
    ro space 10240K,  44% used [0x38800000, 0x38c7b1c8, 0x38c7b200, 0x39200000)
    rw space 12288K,  52% used [0x39200000, 0x398431d0, 0x39843200, 0x39e00000)
}
Event: 29.863 GC heap before
{Heap before GC invocations=57 (full 4):
 def new generation   total 15552K, used 15551K [0x24800000, 0x258e0000, 0x29d50000)
  eden space 13824K, 100% used [0x24800000, 0x25580000, 0x25580000)
  from space 1728K,  99% used [0x25580000, 0x2572fff8, 0x25730000)
  to   space 1728K,   0% used [0x25730000, 0x25730000, 0x258e0000)
 tenured generation   total 34508K, used 23260K [0x29d50000, 0x2bf03000, 0x34800000)
   the space 34508K,  67% used [0x29d50000, 0x2b407280, 0x2b407400, 0x2bf03000)
 compacting perm gen  total 14080K, used 13998K [0x34800000, 0x355c0000, 0x38800000)
   the space 14080K,  99% used [0x34800000, 0x355ab810, 0x355aba00, 0x355c0000)
    ro space 10240K,  44% used [0x38800000, 0x38c7b1c8, 0x38c7b200, 0x39200000)
    rw space 12288K,  52% used [0x39200000, 0x398431d0, 0x39843200, 0x39e00000)
Event: 29.882 GC heap after
Heap after GC invocations=58 (full 4):
 def new generation   total 15552K, used 1728K [0x24800000, 0x258e0000, 0x29d50000)
  eden space 13824K,   0% used [0x24800000, 0x24800000, 0x25580000)
  from space 1728K, 100% used [0x25730000, 0x258e0000, 0x258e0000)
  to   space 1728K,   0% used [0x25580000, 0x25580000, 0x25730000)
 tenured generation   total 34508K, used 25010K [0x29d50000, 0x2bf03000, 0x34800000)
   the space 34508K,  72% used [0x29d50000, 0x2b5bcb00, 0x2b5bcc00, 0x2bf03000)
 compacting perm gen  total 14080K, used 13998K [0x34800000, 0x355c0000, 0x38800000)
   the space 14080K,  99% used [0x34800000, 0x355ab810, 0x355aba00, 0x355c0000)
    ro space 10240K,  44% used [0x38800000, 0x38c7b1c8, 0x38c7b200, 0x39200000)
    rw space 12288K,  52% used [0x39200000, 0x398431d0, 0x39843200, 0x39e00000)
}
Event: 30.126 GC heap before
{Heap before GC invocations=58 (full 4):
 def new generation   total 15552K, used 15552K [0x24800000, 0x258e0000, 0x29d50000)
  eden space 13824K, 100% used [0x24800000, 0x25580000, 0x25580000)
  from space 1728K, 100% used [0x25730000, 0x258e0000, 0x258e0000)
  to   space 1728K,   0% used [0x25580000, 0x25580000, 0x25730000)
 tenured generation   total 34508K, used 25010K [0x29d50000, 0x2bf03000, 0x34800000)
   the space 34508K,  72% used [0x29d50000, 0x2b5bcb00, 0x2b5bcc00, 0x2bf03000)
 compacting perm gen  total 14080K, used 13998K [0x34800000, 0x355c0000, 0x38800000)
   the space 14080K,  99% used [0x34800000, 0x355ab810, 0x355aba00, 0x355c0000)
    ro space 10240K,  44% used [0x38800000, 0x38c7b1c8, 0x38c7b200, 0x39200000)
    rw space 12288K,  52% used [0x39200000, 0x398431d0, 0x39843200, 0x39e00000)
Event: 30.142 GC heap after
Heap after GC invocations=59 (full 4):
 def new generation   total 15552K, used 1728K [0x24800000, 0x258e0000, 0x29d50000)
  eden space 13824K,   0% used [0x24800000, 0x24800000, 0x25580000)
  from space 1728K, 100% used [0x25580000, 0x25730000, 0x25730000)
  to   space 1728K,   0% used [0x25730000, 0x25730000, 0x258e0000)
 tenured generation   total 34508K, used 26905K [0x29d50000, 0x2bf03000, 0x34800000)
   the space 34508K,  77% used [0x29d50000, 0x2b796768, 0x2b796800, 0x2bf03000)
 compacting perm gen  total 14080K, used 13998K [0x34800000, 0x355c0000, 0x38800000)
   the space 14080K,  99% used [0x34800000, 0x355ab810, 0x355aba00, 0x355c0000)
    ro space 10240K,  44% used [0x38800000, 0x38c7b1c8, 0x38c7b200, 0x39200000)
    rw space 12288K,  52% used [0x39200000, 0x398431d0, 0x39843200, 0x39e00000)
}
Event: 30.397 GC heap before
{Heap before GC invocations=59 (full 4):
 def new generation   total 15552K, used 15552K [0x24800000, 0x258e0000, 0x29d50000)
  eden space 13824K, 100% used [0x24800000, 0x25580000, 0x25580000)
  from space 1728K, 100% used [0x25580000, 0x25730000, 0x25730000)
  to   space 1728K,   0% used [0x25730000, 0x25730000, 0x258e0000)
 tenured generation   total 34508K, used 26905K [0x29d50000, 0x2bf03000, 0x34800000)
   the space 34508K,  77% used [0x29d50000, 0x2b796768, 0x2b796800, 0x2bf03000)
 compacting perm gen  total 14080K, used 13998K [0x34800000, 0x355c0000, 0x38800000)
   the space 14080K,  99% used [0x34800000, 0x355ab8f0, 0x355aba00, 0x355c0000)
    ro space 10240K,  44% used [0x38800000, 0x38c7b1c8, 0x38c7b200, 0x39200000)
    rw space 12288K,  52% used [0x39200000, 0x398431d0, 0x39843200, 0x39e00000)
Event: 30.418 GC heap after
Heap after GC invocations=60 (full 4):
 def new generation   total 15552K, used 1727K [0x24800000, 0x258e0000, 0x29d50000)
  eden space 13824K,   0% used [0x24800000, 0x24800000, 0x25580000)
  from space 1728K,  99% used [0x25730000, 0x258dfff8, 0x258e0000)
  to   space 1728K,   0% used [0x25580000, 0x25580000, 0x25730000)
 tenured generation   total 34508K, used 28889K [0x29d50000, 0x2bf03000, 0x34800000)
   the space 34508K,  83% used [0x29d50000, 0x2b9864f8, 0x2b986600, 0x2bf03000)
 compacting perm gen  total 14080K, used 13998K [0x34800000, 0x355c0000, 0x38800000)
   the space 14080K,  99% used [0x34800000, 0x355ab8f0, 0x355aba00, 0x355c0000)
    ro space 10240K,  44% used [0x38800000, 0x38c7b1c8, 0x38c7b200, 0x39200000)
    rw space 12288K,  52% used [0x39200000, 0x398431d0, 0x39843200, 0x39e00000)
}
Event: 30.619 GC heap before
{Heap before GC invocations=60 (full 4):
 def new generation   total 15552K, used 15551K [0x24800000, 0x258e0000, 0x29d50000)
  eden space 13824K, 100% used [0x24800000, 0x25580000, 0x25580000)
  from space 1728K,  99% used [0x25730000, 0x258dfff8, 0x258e0000)
  to   space 1728K,   0% used [0x25580000, 0x25580000, 0x25730000)
 tenured generation   total 34508K, used 28889K [0x29d50000, 0x2bf03000, 0x34800000)
   the space 34508K,  83% used [0x29d50000, 0x2b9864f8, 0x2b986600, 0x2bf03000)
 compacting perm gen  total 14080K, used 13998K [0x34800000, 0x355c0000, 0x38800000)
   the space 14080K,  99% used [0x34800000, 0x355ab8f0, 0x355aba00, 0x355c0000)
    ro space 10240K,  44% used [0x38800000, 0x38c7b1c8, 0x38c7b200, 0x39200000)
    rw space 12288K,  52% used [0x39200000, 0x398431d0, 0x39843200, 0x39e00000)
Event: 30.640 GC heap after
Heap after GC invocations=61 (full 4):
 def new generation   total 15552K, used 1727K [0x24800000, 0x258e0000, 0x29d50000)
  eden space 13824K,   0% used [0x24800000, 0x24800000, 0x25580000)
  from space 1728K,  99% used [0x25580000, 0x2572fff8, 0x25730000)
  to   space 1728K,   0% used [0x25730000, 0x25730000, 0x258e0000)
 tenured generation   total 34508K, used 31057K [0x29d50000, 0x2bf03000, 0x34800000)
   the space 34508K,  90% used [0x29d50000, 0x2bba46d0, 0x2bba4800, 0x2bf03000)
 compacting perm gen  total 14080K, used 13998K [0x34800000, 0x355c0000, 0x38800000)
   the space 14080K,  99% used [0x34800000, 0x355ab8f0, 0x355aba00, 0x355c0000)
    ro space 10240K,  44% used [0x38800000, 0x38c7b1c8, 0x38c7b200, 0x39200000)
    rw space 12288K,  52% used [0x39200000, 0x398431d0, 0x39843200, 0x39e00000)
}

