# JRE version: Java(TM) SE Runtime Environment (7.0_72-b14) (build 1.7.0_72-b14)
# Java VM: Java HotSpot(TM) Client VM (24.72-b04 mixed mode, sharing windows-x86 )
Heap
 def new generation   total 26048K, used 14376K [0x24800000, 0x26440000, 0x29d50000)
  eden space 23168K,  57% used [0x24800000, 0x255036f0, 0x25ea0000)
  from space 2880K,  36% used [0x26170000, 0x26276b38, 0x26440000)
  to   space 2880K,   0% used [0x25ea0000, 0x25ea0000, 0x26170000)
 tenured generation   total 57760K, used 38618K [0x29d50000, 0x2d5b8000, 0x34800000)
   the space 57760K,  66% used [0x29d50000, 0x2c306ac0, 0x2c306c00, 0x2d5b8000)
 compacting perm gen  total 25856K, used 25666K [0x34800000, 0x36140000, 0x38800000)
   the space 25856K,  99% used [0x34800000, 0x36110a88, 0x36110c00, 0x36140000)
    ro space 10240K,  44% used [0x38800000, 0x38c7b1c8, 0x38c7b200, 0x39200000)
    rw space 12288K,  52% used [0x39200000, 0x398431d0, 0x39843200, 0x39e00000)
GC Heap History (10 events):
Event: 44.345 GC heap before
{Heap before GC invocations=94 (full 9):
 def new generation   total 26048K, used 24236K [0x24800000, 0x26440000, 0x29d50000)
  eden space 23168K, 100% used [0x24800000, 0x25ea0000, 0x25ea0000)
  from space 2880K,  37% used [0x26170000, 0x2627b180, 0x26440000)
  to   space 2880K,   0% used [0x25ea0000, 0x25ea0000, 0x26170000)
 tenured generation   total 57760K, used 32036K [0x29d50000, 0x2d5b8000, 0x34800000)
   the space 57760K,  55% used [0x29d50000, 0x2bc99170, 0x2bc99200, 0x2d5b8000)
 compacting perm gen  total 22016K, used 21960K [0x34800000, 0x35d80000, 0x38800000)
   the space 22016K,  99% used [0x34800000, 0x35d72180, 0x35d72200, 0x35d80000)
    ro space 10240K,  44% used [0x38800000, 0x38c7b1c8, 0x38c7b200, 0x39200000)
    rw space 12288K,  52% used [0x39200000, 0x398431d0, 0x39843200, 0x39e00000)
Event: 44.355 GC heap after
Heap after GC invocations=95 (full 9):
 def new generation   total 26048K, used 1001K [0x24800000, 0x26440000, 0x29d50000)
  eden space 23168K,   0% used [0x24800000, 0x24800000, 0x25ea0000)
  from space 2880K,  34% used [0x25ea0000, 0x25f9a580, 0x26170000)
  to   space 2880K,   0% used [0x26170000, 0x26170000, 0x26440000)
 tenured generation   total 57760K, used 32036K [0x29d50000, 0x2d5b8000, 0x34800000)
   the space 57760K,  55% used [0x29d50000, 0x2bc99170, 0x2bc99200, 0x2d5b8000)
 compacting perm gen  total 22016K, used 21960K [0x34800000, 0x35d80000, 0x38800000)
   the space 22016K,  99% used [0x34800000, 0x35d72180, 0x35d72200, 0x35d80000)
    ro space 10240K,  44% used [0x38800000, 0x38c7b1c8, 0x38c7b200, 0x39200000)
    rw space 12288K,  52% used [0x39200000, 0x398431d0, 0x39843200, 0x39e00000)
}
Event: 44.727 GC heap before
{Heap before GC invocations=95 (full 9):
 def new generation   total 26048K, used 17862K [0x24800000, 0x26440000, 0x29d50000)
  eden space 23168K,  72% used [0x24800000, 0x25877540, 0x25ea0000)
  from space 2880K,  34% used [0x25ea0000, 0x25f9a580, 0x26170000)
  to   space 2880K,   0% used [0x26170000, 0x26170000, 0x26440000)
 tenured generation   total 57760K, used 32036K [0x29d50000, 0x2d5b8000, 0x34800000)
   the space 57760K,  55% used [0x29d50000, 0x2bc99170, 0x2bc99200, 0x2d5b8000)
 compacting perm gen  total 22272K, used 22271K [0x34800000, 0x35dc0000, 0x38800000)
   the space 22272K,  99% used [0x34800000, 0x35dbffc8, 0x35dc0000, 0x35dc0000)
    ro space 10240K,  44% used [0x38800000, 0x38c7b1c8, 0x38c7b200, 0x39200000)
    rw space 12288K,  52% used [0x39200000, 0x398431d0, 0x39843200, 0x39e00000)
Event: 44.934 GC heap after
Heap after GC invocations=96 (full 10):
 def new generation   total 26048K, used 0K [0x24800000, 0x26440000, 0x29d50000)
  eden space 23168K,   0% used [0x24800000, 0x24800000, 0x25ea0000)
  from space 2880K,   0% used [0x25ea0000, 0x25ea0000, 0x26170000)
  to   space 2880K,   0% used [0x26170000, 0x26170000, 0x26440000)
 tenured generation   total 57760K, used 32555K [0x29d50000, 0x2d5b8000, 0x34800000)
   the space 57760K,  56% used [0x29d50000, 0x2bd1af78, 0x2bd1b000, 0x2d5b8000)
 compacting perm gen  total 22272K, used 22271K [0x34800000, 0x35dc0000, 0x38800000)
   the space 22272K,  99% used [0x34800000, 0x35dbffc8, 0x35dc0000, 0x35dc0000)
    ro space 10240K,  44% used [0x38800000, 0x38c7b1c8, 0x38c7b200, 0x39200000)
    rw space 12288K,  52% used [0x39200000, 0x398431d0, 0x39843200, 0x39e00000)
}
Event: 45.492 GC heap before
{Heap before GC invocations=96 (full 10):
 def new generation   total 26048K, used 23168K [0x24800000, 0x26440000, 0x29d50000)
  eden space 23168K, 100% used [0x24800000, 0x25ea0000, 0x25ea0000)
  from space 2880K,   0% used [0x25ea0000, 0x25ea0000, 0x26170000)
  to   space 2880K,   0% used [0x26170000, 0x26170000, 0x26440000)
 tenured generation   total 57760K, used 32555K [0x29d50000, 0x2d5b8000, 0x34800000)
   the space 57760K,  56% used [0x29d50000, 0x2bd1af78, 0x2bd1b000, 0x2d5b8000)
 compacting perm gen  total 23296K, used 23169K [0x34800000, 0x35ec0000, 0x38800000)
   the space 23296K,  99% used [0x34800000, 0x35ea04e0, 0x35ea0600, 0x35ec0000)
    ro space 10240K,  44% used [0x38800000, 0x38c7b1c8, 0x38c7b200, 0x39200000)
    rw space 12288K,  52% used [0x39200000, 0x398431d0, 0x39843200, 0x39e00000)
Event: 45.505 GC heap after
Heap after GC invocations=97 (full 10):
 def new generation   total 26048K, used 1824K [0x24800000, 0x26440000, 0x29d50000)
  eden space 23168K,   0% used [0x24800000, 0x24800000, 0x25ea0000)
  from space 2880K,  63% used [0x26170000, 0x26338018, 0x26440000)
  to   space 2880K,   0% used [0x25ea0000, 0x25ea0000, 0x26170000)
 tenured generation   total 57760K, used 32555K [0x29d50000, 0x2d5b8000, 0x34800000)
   the space 57760K,  56% used [0x29d50000, 0x2bd1af78, 0x2bd1b000, 0x2d5b8000)
 compacting perm gen  total 23296K, used 23169K [0x34800000, 0x35ec0000, 0x38800000)
   the space 23296K,  99% used [0x34800000, 0x35ea04e0, 0x35ea0600, 0x35ec0000)
    ro space 10240K,  44% used [0x38800000, 0x38c7b1c8, 0x38c7b200, 0x39200000)
    rw space 12288K,  52% used [0x39200000, 0x398431d0, 0x39843200, 0x39e00000)
}
Event: 46.246 GC heap before
{Heap before GC invocations=97 (full 10):
 def new generation   total 26048K, used 24992K [0x24800000, 0x26440000, 0x29d50000)
  eden space 23168K, 100% used [0x24800000, 0x25ea0000, 0x25ea0000)
  from space 2880K,  63% used [0x26170000, 0x26338018, 0x26440000)
  to   space 2880K,   0% used [0x25ea0000, 0x25ea0000, 0x26170000)
 tenured generation   total 57760K, used 32555K [0x29d50000, 0x2d5b8000, 0x34800000)
   the space 57760K,  56% used [0x29d50000, 0x2bd1af78, 0x2bd1b000, 0x2d5b8000)
 compacting perm gen  total 25344K, used 25280K [0x34800000, 0x360c0000, 0x38800000)
   the space 25344K,  99% used [0x34800000, 0x360b00a8, 0x360b0200, 0x360c0000)
    ro space 10240K,  44% used [0x38800000, 0x38c7b1c8, 0x38c7b200, 0x39200000)
    rw space 12288K,  52% used [0x39200000, 0x398431d0, 0x39843200, 0x39e00000)
Event: 46.268 GC heap after
Heap after GC invocations=98 (full 10):
 def new generation   total 26048K, used 2880K [0x24800000, 0x26440000, 0x29d50000)
  eden space 23168K,   0% used [0x24800000, 0x24800000, 0x25ea0000)
  from space 2880K, 100% used [0x25ea0000, 0x26170000, 0x26170000)
  to   space 2880K,   0% used [0x26170000, 0x26170000, 0x26440000)
 tenured generation   total 57760K, used 35760K [0x29d50000, 0x2d5b8000, 0x34800000)
   the space 57760K,  61% used [0x29d50000, 0x2c03c0e0, 0x2c03c200, 0x2d5b8000)
 compacting perm gen  total 25344K, used 25280K [0x34800000, 0x360c0000, 0x38800000)
   the space 25344K,  99% used [0x34800000, 0x360b00a8, 0x360b0200, 0x360c0000)
    ro space 10240K,  44% used [0x38800000, 0x38c7b1c8, 0x38c7b200, 0x39200000)
    rw space 12288K,  52% used [0x39200000, 0x398431d0, 0x39843200, 0x39e00000)
}
Event: 46.812 GC heap before
{Heap before GC invocations=98 (full 10):
 def new generation   total 26048K, used 26048K [0x24800000, 0x26440000, 0x29d50000)
  eden space 23168K, 100% used [0x24800000, 0x25ea0000, 0x25ea0000)
  from space 2880K, 100% used [0x25ea0000, 0x26170000, 0x26170000)
  to   space 2880K,   0% used [0x26170000, 0x26170000, 0x26440000)
 tenured generation   total 57760K, used 35760K [0x29d50000, 0x2d5b8000, 0x34800000)
   the space 57760K,  61% used [0x29d50000, 0x2c03c0e0, 0x2c03c200, 0x2d5b8000)
 compacting perm gen  total 25600K, used 25595K [0x34800000, 0x36100000, 0x38800000)
   the space 25600K,  99% used [0x34800000, 0x360fee58, 0x360ff000, 0x36100000)
    ro space 10240K,  44% used [0x38800000, 0x38c7b1c8, 0x38c7b200, 0x39200000)
    rw space 12288K,  52% used [0x39200000, 0x398431d0, 0x39843200, 0x39e00000)
Event: 46.828 GC heap after
Heap after GC invocations=99 (full 10):
 def new generation   total 26048K, used 1050K [0x24800000, 0x26440000, 0x29d50000)
  eden space 23168K,   0% used [0x24800000, 0x24800000, 0x25ea0000)
  from space 2880K,  36% used [0x26170000, 0x26276b38, 0x26440000)
  to   space 2880K,   0% used [0x25ea0000, 0x25ea0000, 0x26170000)
 tenured generation   total 57760K, used 38618K [0x29d50000, 0x2d5b8000, 0x34800000)
   the space 57760K,  66% used [0x29d50000, 0x2c306ac0, 0x2c306c00, 0x2d5b8000)
 compacting perm gen  total 25600K, used 25595K [0x34800000, 0x36100000, 0x38800000)
   the space 25600K,  99% used [0x34800000, 0x360fee58, 0x360ff000, 0x36100000)
    ro space 10240K,  44% used [0x38800000, 0x38c7b1c8, 0x38c7b200, 0x39200000)
    rw space 12288K,  52% used [0x39200000, 0x398431d0, 0x39843200, 0x39e00000)
}

