# JRE version: Java(TM) SE Runtime Environment (7.0_72-b14) (build 1.7.0_72-b14)
# Java VM: Java HotSpot(TM) Client VM (24.72-b04 mixed mode, sharing windows-x86 )
Heap
 def new generation   total 25728K, used 3708K [0x24800000, 0x263e0000, 0x29d50000)
  eden space 22912K,  16% used [0x24800000, 0x24b9f228, 0x25e60000)
  from space 2816K,   0% used [0x26120000, 0x26120000, 0x263e0000)
  to   space 2816K,   0% used [0x25e60000, 0x25e60000, 0x26120000)
 tenured generation   total 57056K, used 31724K [0x29d50000, 0x2d508000, 0x34800000)
   the space 57056K,  55% used [0x29d50000, 0x2bc4b1d0, 0x2bc4b200, 0x2d508000)
 compacting perm gen  total 23040K, used 22814K [0x34800000, 0x35e80000, 0x38800000)
   the space 23040K,  99% used [0x34800000, 0x35e47b28, 0x35e47c00, 0x35e80000)
    ro space 10240K,  44% used [0x38800000, 0x38c7b1c8, 0x38c7b200, 0x39200000)
    rw space 12288K,  52% used [0x39200000, 0x398431d0, 0x39843200, 0x39e00000)
GC Heap History (10 events):
Event: 50.331 GC heap before
{Heap before GC invocations=92 (full 10):
 def new generation   total 25728K, used 22893K [0x24800000, 0x263e0000, 0x29d50000)
  eden space 22912K,  99% used [0x24800000, 0x25e5b5f0, 0x25e60000)
  from space 2816K,   0% used [0x26120000, 0x26120000, 0x263e0000)
  to   space 2816K,   0% used [0x25e60000, 0x25e60000, 0x26120000)
 tenured generation   total 57056K, used 28762K [0x29d50000, 0x2d508000, 0x34800000)
   the space 57056K,  50% used [0x29d50000, 0x2b966a80, 0x2b966c00, 0x2d508000)
 compacting perm gen  total 20224K, used 20183K [0x34800000, 0x35bc0000, 0x38800000)
   the space 20224K,  99% used [0x34800000, 0x35bb5e18, 0x35bb6000, 0x35bc0000)
    ro space 10240K,  44% used [0x38800000, 0x38c7b1c8, 0x38c7b200, 0x39200000)
    rw space 12288K,  52% used [0x39200000, 0x398431d0, 0x39843200, 0x39e00000)
Event: 50.347 GC heap after
Heap after GC invocations=93 (full 10):
 def new generation   total 25728K, used 2540K [0x24800000, 0x263e0000, 0x29d50000)
  eden space 22912K,   0% used [0x24800000, 0x24800000, 0x25e60000)
  from space 2816K,  90% used [0x25e60000, 0x260db030, 0x26120000)
  to   space 2816K,   0% used [0x26120000, 0x26120000, 0x263e0000)
 tenured generation   total 57056K, used 28762K [0x29d50000, 0x2d508000, 0x34800000)
   the space 57056K,  50% used [0x29d50000, 0x2b966a80, 0x2b966c00, 0x2d508000)
 compacting perm gen  total 20224K, used 20183K [0x34800000, 0x35bc0000, 0x38800000)
   the space 20224K,  99% used [0x34800000, 0x35bb5e18, 0x35bb6000, 0x35bc0000)
    ro space 10240K,  44% used [0x38800000, 0x38c7b1c8, 0x38c7b200, 0x39200000)
    rw space 12288K,  52% used [0x39200000, 0x398431d0, 0x39843200, 0x39e00000)
}
Event: 51.256 GC heap before
{Heap before GC invocations=93 (full 10):
 def new generation   total 25728K, used 25452K [0x24800000, 0x263e0000, 0x29d50000)
  eden space 22912K, 100% used [0x24800000, 0x25e60000, 0x25e60000)
  from space 2816K,  90% used [0x25e60000, 0x260db030, 0x26120000)
  to   space 2816K,   0% used [0x26120000, 0x26120000, 0x263e0000)
 tenured generation   total 57056K, used 28762K [0x29d50000, 0x2d508000, 0x34800000)
   the space 57056K,  50% used [0x29d50000, 0x2b966a80, 0x2b966c00, 0x2d508000)
 compacting perm gen  total 21760K, used 21649K [0x34800000, 0x35d40000, 0x38800000)
   the space 21760K,  99% used [0x34800000, 0x35d245f8, 0x35d24600, 0x35d40000)
    ro space 10240K,  44% used [0x38800000, 0x38c7b1c8, 0x38c7b200, 0x39200000)
    rw space 12288K,  52% used [0x39200000, 0x398431d0, 0x39843200, 0x39e00000)
Event: 51.275 GC heap after
Heap after GC invocations=94 (full 10):
 def new generation   total 25728K, used 1510K [0x24800000, 0x263e0000, 0x29d50000)
  eden space 22912K,   0% used [0x24800000, 0x24800000, 0x25e60000)
  from space 2816K,  53% used [0x26120000, 0x26299b48, 0x263e0000)
  to   space 2816K,   0% used [0x25e60000, 0x25e60000, 0x26120000)
 tenured generation   total 57056K, used 29556K [0x29d50000, 0x2d508000, 0x34800000)
   the space 57056K,  51% used [0x29d50000, 0x2ba2d3c8, 0x2ba2d400, 0x2d508000)
 compacting perm gen  total 21760K, used 21649K [0x34800000, 0x35d40000, 0x38800000)
   the space 21760K,  99% used [0x34800000, 0x35d245f8, 0x35d24600, 0x35d40000)
    ro space 10240K,  44% used [0x38800000, 0x38c7b1c8, 0x38c7b200, 0x39200000)
    rw space 12288K,  52% used [0x39200000, 0x398431d0, 0x39843200, 0x39e00000)
}
Event: 51.589 GC heap before
{Heap before GC invocations=94 (full 10):
 def new generation   total 25728K, used 24422K [0x24800000, 0x263e0000, 0x29d50000)
  eden space 22912K, 100% used [0x24800000, 0x25e60000, 0x25e60000)
  from space 2816K,  53% used [0x26120000, 0x26299b48, 0x263e0000)
  to   space 2816K,   0% used [0x25e60000, 0x25e60000, 0x26120000)
 tenured generation   total 57056K, used 29556K [0x29d50000, 0x2d508000, 0x34800000)
   the space 57056K,  51% used [0x29d50000, 0x2ba2d3c8, 0x2ba2d400, 0x2d508000)
 compacting perm gen  total 22016K, used 21888K [0x34800000, 0x35d80000, 0x38800000)
   the space 22016K,  99% used [0x34800000, 0x35d601f8, 0x35d60200, 0x35d80000)
    ro space 10240K,  44% used [0x38800000, 0x38c7b1c8, 0x38c7b200, 0x39200000)
    rw space 12288K,  52% used [0x39200000, 0x398431d0, 0x39843200, 0x39e00000)
Event: 51.602 GC heap after
Heap after GC invocations=95 (full 10):
 def new generation   total 25728K, used 818K [0x24800000, 0x263e0000, 0x29d50000)
  eden space 22912K,   0% used [0x24800000, 0x24800000, 0x25e60000)
  from space 2816K,  29% used [0x25e60000, 0x25f2cbd8, 0x26120000)
  to   space 2816K,   0% used [0x26120000, 0x26120000, 0x263e0000)
 tenured generation   total 57056K, used 30074K [0x29d50000, 0x2d508000, 0x34800000)
   the space 57056K,  52% used [0x29d50000, 0x2baae840, 0x2baaea00, 0x2d508000)
 compacting perm gen  total 22016K, used 21888K [0x34800000, 0x35d80000, 0x38800000)
   the space 22016K,  99% used [0x34800000, 0x35d601f8, 0x35d60200, 0x35d80000)
    ro space 10240K,  44% used [0x38800000, 0x38c7b1c8, 0x38c7b200, 0x39200000)
    rw space 12288K,  52% used [0x39200000, 0x398431d0, 0x39843200, 0x39e00000)
}
Event: 52.144 GC heap before
{Heap before GC invocations=95 (full 10):
 def new generation   total 25728K, used 23730K [0x24800000, 0x263e0000, 0x29d50000)
  eden space 22912K, 100% used [0x24800000, 0x25e60000, 0x25e60000)
  from space 2816K,  29% used [0x25e60000, 0x25f2cbd8, 0x26120000)
  to   space 2816K,   0% used [0x26120000, 0x26120000, 0x263e0000)
 tenured generation   total 57056K, used 30074K [0x29d50000, 0x2d508000, 0x34800000)
   the space 57056K,  52% used [0x29d50000, 0x2baae840, 0x2baaea00, 0x2d508000)
 compacting perm gen  total 22272K, used 22141K [0x34800000, 0x35dc0000, 0x38800000)
   the space 22272K,  99% used [0x34800000, 0x35d9f5b0, 0x35d9f600, 0x35dc0000)
    ro space 10240K,  44% used [0x38800000, 0x38c7b1c8, 0x38c7b200, 0x39200000)
    rw space 12288K,  52% used [0x39200000, 0x398431d0, 0x39843200, 0x39e00000)
Event: 52.159 GC heap after
Heap after GC invocations=96 (full 10):
 def new generation   total 25728K, used 1409K [0x24800000, 0x263e0000, 0x29d50000)
  eden space 22912K,   0% used [0x24800000, 0x24800000, 0x25e60000)
  from space 2816K,  50% used [0x26120000, 0x26280608, 0x263e0000)
  to   space 2816K,   0% used [0x25e60000, 0x25e60000, 0x26120000)
 tenured generation   total 57056K, used 30074K [0x29d50000, 0x2d508000, 0x34800000)
   the space 57056K,  52% used [0x29d50000, 0x2baae840, 0x2baaea00, 0x2d508000)
 compacting perm gen  total 22272K, used 22141K [0x34800000, 0x35dc0000, 0x38800000)
   the space 22272K,  99% used [0x34800000, 0x35d9f5b0, 0x35d9f600, 0x35dc0000)
    ro space 10240K,  44% used [0x38800000, 0x38c7b1c8, 0x38c7b200, 0x39200000)
    rw space 12288K,  52% used [0x39200000, 0x398431d0, 0x39843200, 0x39e00000)
}
Event: 52.721 GC heap before
{Heap before GC invocations=96 (full 10):
 def new generation   total 25728K, used 20092K [0x24800000, 0x263e0000, 0x29d50000)
  eden space 22912K,  81% used [0x24800000, 0x25a3ed30, 0x25e60000)
  from space 2816K,  50% used [0x26120000, 0x26280608, 0x263e0000)
  to   space 2816K,   0% used [0x25e60000, 0x25e60000, 0x26120000)
 tenured generation   total 57056K, used 30074K [0x29d50000, 0x2d508000, 0x34800000)
   the space 57056K,  52% used [0x29d50000, 0x2baae840, 0x2baaea00, 0x2d508000)
 compacting perm gen  total 22784K, used 22783K [0x34800000, 0x35e40000, 0x38800000)
   the space 22784K,  99% used [0x34800000, 0x35e3fff0, 0x35e40000, 0x35e40000)
    ro space 10240K,  44% used [0x38800000, 0x38c7b1c8, 0x38c7b200, 0x39200000)
    rw space 12288K,  52% used [0x39200000, 0x398431d0, 0x39843200, 0x39e00000)
Event: 53.061 GC heap after
Heap after GC invocations=97 (full 11):
 def new generation   total 25728K, used 0K [0x24800000, 0x263e0000, 0x29d50000)
  eden space 22912K,   0% used [0x24800000, 0x24800000, 0x25e60000)
  from space 2816K,   0% used [0x26120000, 0x26120000, 0x263e0000)
  to   space 2816K,   0% used [0x25e60000, 0x25e60000, 0x26120000)
 tenured generation   total 57056K, used 31724K [0x29d50000, 0x2d508000, 0x34800000)
   the space 57056K,  55% used [0x29d50000, 0x2bc4b1d0, 0x2bc4b200, 0x2d508000)
 compacting perm gen  total 22784K, used 22783K [0x34800000, 0x35e40000, 0x38800000)
   the space 22784K,  99% used [0x34800000, 0x35e3fff0, 0x35e40000, 0x35e40000)
    ro space 10240K,  44% used [0x38800000, 0x38c7b1c8, 0x38c7b200, 0x39200000)
    rw space 12288K,  52% used [0x39200000, 0x398431d0, 0x39843200, 0x39e00000)
}

