# JRE version: Java(TM) SE Runtime Environment (7.0_72-b14) (build 1.7.0_72-b14)
# Java VM: Java HotSpot(TM) Client VM (24.72-b04 mixed mode, sharing windows-x86 )
Heap
 def new generation   total 12480K, used 11882K [0x24800000, 0x25580000, 0x29d50000)
  eden space 11136K,  99% used [0x24800000, 0x252dc888, 0x252e0000)
  from space 1344K,  56% used [0x25430000, 0x254ee070, 0x25580000)
  to   space 1344K,   0% used [0x252e0000, 0x252e0000, 0x25430000)
 tenured generation   total 27612K, used 26027K [0x29d50000, 0x2b847000, 0x34800000)
   the space 27612K,  94% used [0x29d50000, 0x2b6bae88, 0x2b6bb000, 0x2b847000)
 compacting perm gen  total 12288K, used 10695K [0x34800000, 0x35400000, 0x38800000)
   the space 12288K,  87% used [0x34800000, 0x35271d10, 0x35271e00, 0x35400000)
    ro space 10240K,  44% used [0x38800000, 0x38c7b1c8, 0x38c7b200, 0x39200000)
    rw space 12288K,  52% used [0x39200000, 0x398431d0, 0x39843200, 0x39e00000)
GC Heap History (10 events):
Event: 13.555 GC heap before
{Heap before GC invocations=47 (full 3):
 def new generation   total 12480K, used 12480K [0x24800000, 0x25580000, 0x29d50000)
  eden space 11136K, 100% used [0x24800000, 0x252e0000, 0x252e0000)
  from space 1344K, 100% used [0x252e0000, 0x25430000, 0x25430000)
  to   space 1344K,   0% used [0x25430000, 0x25430000, 0x25580000)
 tenured generation   total 27612K, used 18325K [0x29d50000, 0x2b847000, 0x34800000)
   the space 27612K,  66% used [0x29d50000, 0x2af35680, 0x2af35800, 0x2b847000)
 compacting perm gen  total 12288K, used 10678K [0x34800000, 0x35400000, 0x38800000)
   the space 12288K,  86% used [0x34800000, 0x3526d908, 0x3526da00, 0x35400000)
    ro space 10240K,  44% used [0x38800000, 0x38c7b1c8, 0x38c7b200, 0x39200000)
    rw space 12288K,  52% used [0x39200000, 0x398431d0, 0x39843200, 0x39e00000)
Event: 13.570 GC heap after
Heap after GC invocations=48 (full 3):
 def new generation   total 12480K, used 1344K [0x24800000, 0x25580000, 0x29d50000)
  eden space 11136K,   0% used [0x24800000, 0x24800000, 0x252e0000)
  from space 1344K, 100% used [0x25430000, 0x25580000, 0x25580000)
  to   space 1344K,   0% used [0x252e0000, 0x252e0000, 0x25430000)
 tenured generation   total 27612K, used 19875K [0x29d50000, 0x2b847000, 0x34800000)
   the space 27612K,  71% used [0x29d50000, 0x2b0b8e28, 0x2b0b9000, 0x2b847000)
 compacting perm gen  total 12288K, used 10678K [0x34800000, 0x35400000, 0x38800000)
   the space 12288K,  86% used [0x34800000, 0x3526d908, 0x3526da00, 0x35400000)
    ro space 10240K,  44% used [0x38800000, 0x38c7b1c8, 0x38c7b200, 0x39200000)
    rw space 12288K,  52% used [0x39200000, 0x398431d0, 0x39843200, 0x39e00000)
}
Event: 14.047 GC heap before
{Heap before GC invocations=48 (full 3):
 def new generation   total 12480K, used 12480K [0x24800000, 0x25580000, 0x29d50000)
  eden space 11136K, 100% used [0x24800000, 0x252e0000, 0x252e0000)
  from space 1344K, 100% used [0x25430000, 0x25580000, 0x25580000)
  to   space 1344K,   0% used [0x252e0000, 0x252e0000, 0x25430000)
 tenured generation   total 27612K, used 19875K [0x29d50000, 0x2b847000, 0x34800000)
   the space 27612K,  71% used [0x29d50000, 0x2b0b8e28, 0x2b0b9000, 0x2b847000)
 compacting perm gen  total 12288K, used 10682K [0x34800000, 0x35400000, 0x38800000)
   the space 12288K,  86% used [0x34800000, 0x3526ebd0, 0x3526ec00, 0x35400000)
    ro space 10240K,  44% used [0x38800000, 0x38c7b1c8, 0x38c7b200, 0x39200000)
    rw space 12288K,  52% used [0x39200000, 0x398431d0, 0x39843200, 0x39e00000)
Event: 14.059 GC heap after
Heap after GC invocations=49 (full 3):
 def new generation   total 12480K, used 971K [0x24800000, 0x25580000, 0x29d50000)
  eden space 11136K,   0% used [0x24800000, 0x24800000, 0x252e0000)
  from space 1344K,  72% used [0x252e0000, 0x253d2dd0, 0x25430000)
  to   space 1344K,   0% used [0x25430000, 0x25430000, 0x25580000)
 tenured generation   total 27612K, used 20544K [0x29d50000, 0x2b847000, 0x34800000)
   the space 27612K,  74% used [0x29d50000, 0x2b160050, 0x2b160200, 0x2b847000)
 compacting perm gen  total 12288K, used 10682K [0x34800000, 0x35400000, 0x38800000)
   the space 12288K,  86% used [0x34800000, 0x3526ebd0, 0x3526ec00, 0x35400000)
    ro space 10240K,  44% used [0x38800000, 0x38c7b1c8, 0x38c7b200, 0x39200000)
    rw space 12288K,  52% used [0x39200000, 0x398431d0, 0x39843200, 0x39e00000)
}
Event: 14.732 GC heap before
{Heap before GC invocations=49 (full 3):
 def new generation   total 12480K, used 12107K [0x24800000, 0x25580000, 0x29d50000)
  eden space 11136K, 100% used [0x24800000, 0x252e0000, 0x252e0000)
  from space 1344K,  72% used [0x252e0000, 0x253d2dd0, 0x25430000)
  to   space 1344K,   0% used [0x25430000, 0x25430000, 0x25580000)
 tenured generation   total 27612K, used 20544K [0x29d50000, 0x2b847000, 0x34800000)
   the space 27612K,  74% used [0x29d50000, 0x2b160050, 0x2b160200, 0x2b847000)
 compacting perm gen  total 12288K, used 10683K [0x34800000, 0x35400000, 0x38800000)
   the space 12288K,  86% used [0x34800000, 0x3526ecb0, 0x3526ee00, 0x35400000)
    ro space 10240K,  44% used [0x38800000, 0x38c7b1c8, 0x38c7b200, 0x39200000)
    rw space 12288K,  52% used [0x39200000, 0x398431d0, 0x39843200, 0x39e00000)
Event: 14.748 GC heap after
Heap after GC invocations=50 (full 3):
 def new generation   total 12480K, used 1344K [0x24800000, 0x25580000, 0x29d50000)
  eden space 11136K,   0% used [0x24800000, 0x24800000, 0x252e0000)
  from space 1344K, 100% used [0x25430000, 0x25580000, 0x25580000)
  to   space 1344K,   0% used [0x252e0000, 0x252e0000, 0x25430000)
 tenured generation   total 27612K, used 22031K [0x29d50000, 0x2b847000, 0x34800000)
   the space 27612K,  79% used [0x29d50000, 0x2b2d3da8, 0x2b2d3e00, 0x2b847000)
 compacting perm gen  total 12288K, used 10683K [0x34800000, 0x35400000, 0x38800000)
   the space 12288K,  86% used [0x34800000, 0x3526ecb0, 0x3526ee00, 0x35400000)
    ro space 10240K,  44% used [0x38800000, 0x38c7b1c8, 0x38c7b200, 0x39200000)
    rw space 12288K,  52% used [0x39200000, 0x398431d0, 0x39843200, 0x39e00000)
}
Event: 15.660 GC heap before
{Heap before GC invocations=50 (full 3):
 def new generation   total 12480K, used 12480K [0x24800000, 0x25580000, 0x29d50000)
  eden space 11136K, 100% used [0x24800000, 0x252e0000, 0x252e0000)
  from space 1344K, 100% used [0x25430000, 0x25580000, 0x25580000)
  to   space 1344K,   0% used [0x252e0000, 0x252e0000, 0x25430000)
 tenured generation   total 27612K, used 22031K [0x29d50000, 0x2b847000, 0x34800000)
   the space 27612K,  79% used [0x29d50000, 0x2b2d3da8, 0x2b2d3e00, 0x2b847000)
 compacting perm gen  total 12288K, used 10692K [0x34800000, 0x35400000, 0x38800000)
   the space 12288K,  87% used [0x34800000, 0x352710d8, 0x35271200, 0x35400000)
    ro space 10240K,  44% used [0x38800000, 0x38c7b1c8, 0x38c7b200, 0x39200000)
    rw space 12288K,  52% used [0x39200000, 0x398431d0, 0x39843200, 0x39e00000)
Event: 15.689 GC heap after
Heap after GC invocations=51 (full 3):
 def new generation   total 12480K, used 1344K [0x24800000, 0x25580000, 0x29d50000)
  eden space 11136K,   0% used [0x24800000, 0x24800000, 0x252e0000)
  from space 1344K, 100% used [0x252e0000, 0x25430000, 0x25430000)
  to   space 1344K,   0% used [0x25430000, 0x25430000, 0x25580000)
 tenured generation   total 27612K, used 24782K [0x29d50000, 0x2b847000, 0x34800000)
   the space 27612K,  89% used [0x29d50000, 0x2b583a50, 0x2b583c00, 0x2b847000)
 compacting perm gen  total 12288K, used 10692K [0x34800000, 0x35400000, 0x38800000)
   the space 12288K,  87% used [0x34800000, 0x352710d8, 0x35271200, 0x35400000)
    ro space 10240K,  44% used [0x38800000, 0x38c7b1c8, 0x38c7b200, 0x39200000)
    rw space 12288K,  52% used [0x39200000, 0x398431d0, 0x39843200, 0x39e00000)
}
Event: 16.389 GC heap before
{Heap before GC invocations=51 (full 3):
 def new generation   total 12480K, used 12480K [0x24800000, 0x25580000, 0x29d50000)
  eden space 11136K, 100% used [0x24800000, 0x252e0000, 0x252e0000)
  from space 1344K, 100% used [0x252e0000, 0x25430000, 0x25430000)
  to   space 1344K,   0% used [0x25430000, 0x25430000, 0x25580000)
 tenured generation   total 27612K, used 24782K [0x29d50000, 0x2b847000, 0x34800000)
   the space 27612K,  89% used [0x29d50000, 0x2b583a50, 0x2b583c00, 0x2b847000)
 compacting perm gen  total 12288K, used 10692K [0x34800000, 0x35400000, 0x38800000)
   the space 12288K,  87% used [0x34800000, 0x35271148, 0x35271200, 0x35400000)
    ro space 10240K,  44% used [0x38800000, 0x38c7b1c8, 0x38c7b200, 0x39200000)
    rw space 12288K,  52% used [0x39200000, 0x398431d0, 0x39843200, 0x39e00000)
Event: 16.406 GC heap after
Heap after GC invocations=52 (full 3):
 def new generation   total 12480K, used 760K [0x24800000, 0x25580000, 0x29d50000)
  eden space 11136K,   0% used [0x24800000, 0x24800000, 0x252e0000)
  from space 1344K,  56% used [0x25430000, 0x254ee070, 0x25580000)
  to   space 1344K,   0% used [0x252e0000, 0x252e0000, 0x25430000)
 tenured generation   total 27612K, used 26027K [0x29d50000, 0x2b847000, 0x34800000)
   the space 27612K,  94% used [0x29d50000, 0x2b6bae88, 0x2b6bb000, 0x2b847000)
 compacting perm gen  total 12288K, used 10692K [0x34800000, 0x35400000, 0x38800000)
   the space 12288K,  87% used [0x34800000, 0x35271148, 0x35271200, 0x35400000)
    ro space 10240K,  44% used [0x38800000, 0x38c7b1c8, 0x38c7b200, 0x39200000)
    rw space 12288K,  52% used [0x39200000, 0x398431d0, 0x39843200, 0x39e00000)
}

