# JRE version: Java(TM) SE Runtime Environment (7.0_72-b14) (build 1.7.0_72-b14)
# Java VM: Java HotSpot(TM) Client VM (24.72-b04 mixed mode, sharing windows-x86 )
Heap
 def new generation   total 8512K, used 5966K [0x24800000, 0x25130000, 0x29d50000)
  eden space 7616K,  73% used [0x24800000, 0x24d73530, 0x24f70000)
  from space 896K,  42% used [0x25050000, 0x250b0428, 0x25130000)
  to   space 896K,   0% used [0x24f70000, 0x24f70000, 0x25050000)
 tenured generation   total 18736K, used 14669K [0x29d50000, 0x2af9c000, 0x34800000)
   the space 18736K,  78% used [0x29d50000, 0x2aba3510, 0x2aba3600, 0x2af9c000)
 compacting perm gen  total 12288K, used 9693K [0x34800000, 0x35400000, 0x38800000)
   the space 12288K,  78% used [0x34800000, 0x35177440, 0x35177600, 0x35400000)
    ro space 10240K,  44% used [0x38800000, 0x38c7b1c8, 0x38c7b200, 0x39200000)
    rw space 12288K,  52% used [0x39200000, 0x398431d0, 0x39843200, 0x39e00000)
GC Heap History (10 events):
Event: 20.840 GC heap before
{Heap before GC invocations=56 (full 2):
 def new generation   total 8512K, used 7863K [0x24800000, 0x25130000, 0x29d50000)
  eden space 7616K, 100% used [0x24800000, 0x24f70000, 0x24f70000)
  from space 896K,  27% used [0x24f70000, 0x24fadef0, 0x25050000)
  to   space 896K,   0% used [0x25050000, 0x25050000, 0x25130000)
 tenured generation   total 18736K, used 13760K [0x29d50000, 0x2af9c000, 0x34800000)
   the space 18736K,  73% used [0x29d50000, 0x2aac0108, 0x2aac0200, 0x2af9c000)
 compacting perm gen  total 12288K, used 9671K [0x34800000, 0x35400000, 0x38800000)
   the space 12288K,  78% used [0x34800000, 0x35171ca8, 0x35171e00, 0x35400000)
    ro space 10240K,  44% used [0x38800000, 0x38c7b1c8, 0x38c7b200, 0x39200000)
    rw space 12288K,  52% used [0x39200000, 0x398431d0, 0x39843200, 0x39e00000)
Event: 20.843 GC heap after
Heap after GC invocations=57 (full 2):
 def new generation   total 8512K, used 282K [0x24800000, 0x25130000, 0x29d50000)
  eden space 7616K,   0% used [0x24800000, 0x24800000, 0x24f70000)
  from space 896K,  31% used [0x25050000, 0x250969a8, 0x25130000)
  to   space 896K,   0% used [0x24f70000, 0x24f70000, 0x25050000)
 tenured generation   total 18736K, used 13760K [0x29d50000, 0x2af9c000, 0x34800000)
   the space 18736K,  73% used [0x29d50000, 0x2aac0108, 0x2aac0200, 0x2af9c000)
 compacting perm gen  total 12288K, used 9671K [0x34800000, 0x35400000, 0x38800000)
   the space 12288K,  78% used [0x34800000, 0x35171ca8, 0x35171e00, 0x35400000)
    ro space 10240K,  44% used [0x38800000, 0x38c7b1c8, 0x38c7b200, 0x39200000)
    rw space 12288K,  52% used [0x39200000, 0x398431d0, 0x39843200, 0x39e00000)
}
Event: 20.894 GC heap before
{Heap before GC invocations=57 (full 2):
 def new generation   total 8512K, used 7898K [0x24800000, 0x25130000, 0x29d50000)
  eden space 7616K, 100% used [0x24800000, 0x24f70000, 0x24f70000)
  from space 896K,  31% used [0x25050000, 0x250969a8, 0x25130000)
  to   space 896K,   0% used [0x24f70000, 0x24f70000, 0x25050000)
 tenured generation   total 18736K, used 13760K [0x29d50000, 0x2af9c000, 0x34800000)
   the space 18736K,  73% used [0x29d50000, 0x2aac0108, 0x2aac0200, 0x2af9c000)
 compacting perm gen  total 12288K, used 9671K [0x34800000, 0x35400000, 0x38800000)
   the space 12288K,  78% used [0x34800000, 0x35171ca8, 0x35171e00, 0x35400000)
    ro space 10240K,  44% used [0x38800000, 0x38c7b1c8, 0x38c7b200, 0x39200000)
    rw space 12288K,  52% used [0x39200000, 0x398431d0, 0x39843200, 0x39e00000)
Event: 20.897 GC heap after
Heap after GC invocations=58 (full 2):
 def new generation   total 8512K, used 318K [0x24800000, 0x25130000, 0x29d50000)
  eden space 7616K,   0% used [0x24800000, 0x24800000, 0x24f70000)
  from space 896K,  35% used [0x24f70000, 0x24fbf948, 0x25050000)
  to   space 896K,   0% used [0x25050000, 0x25050000, 0x25130000)
 tenured generation   total 18736K, used 13760K [0x29d50000, 0x2af9c000, 0x34800000)
   the space 18736K,  73% used [0x29d50000, 0x2aac0108, 0x2aac0200, 0x2af9c000)
 compacting perm gen  total 12288K, used 9671K [0x34800000, 0x35400000, 0x38800000)
   the space 12288K,  78% used [0x34800000, 0x35171ca8, 0x35171e00, 0x35400000)
    ro space 10240K,  44% used [0x38800000, 0x38c7b1c8, 0x38c7b200, 0x39200000)
    rw space 12288K,  52% used [0x39200000, 0x398431d0, 0x39843200, 0x39e00000)
}
Event: 20.948 GC heap before
{Heap before GC invocations=58 (full 2):
 def new generation   total 8512K, used 7934K [0x24800000, 0x25130000, 0x29d50000)
  eden space 7616K, 100% used [0x24800000, 0x24f70000, 0x24f70000)
  from space 896K,  35% used [0x24f70000, 0x24fbf948, 0x25050000)
  to   space 896K,   0% used [0x25050000, 0x25050000, 0x25130000)
 tenured generation   total 18736K, used 13760K [0x29d50000, 0x2af9c000, 0x34800000)
   the space 18736K,  73% used [0x29d50000, 0x2aac0108, 0x2aac0200, 0x2af9c000)
 compacting perm gen  total 12288K, used 9671K [0x34800000, 0x35400000, 0x38800000)
   the space 12288K,  78% used [0x34800000, 0x35171ca8, 0x35171e00, 0x35400000)
    ro space 10240K,  44% used [0x38800000, 0x38c7b1c8, 0x38c7b200, 0x39200000)
    rw space 12288K,  52% used [0x39200000, 0x398431d0, 0x39843200, 0x39e00000)
Event: 20.952 GC heap after
Heap after GC invocations=59 (full 2):
 def new generation   total 8512K, used 351K [0x24800000, 0x25130000, 0x29d50000)
  eden space 7616K,   0% used [0x24800000, 0x24800000, 0x24f70000)
  from space 896K,  39% used [0x25050000, 0x250a7eb8, 0x25130000)
  to   space 896K,   0% used [0x24f70000, 0x24f70000, 0x25050000)
 tenured generation   total 18736K, used 13760K [0x29d50000, 0x2af9c000, 0x34800000)
   the space 18736K,  73% used [0x29d50000, 0x2aac0108, 0x2aac0200, 0x2af9c000)
 compacting perm gen  total 12288K, used 9671K [0x34800000, 0x35400000, 0x38800000)
   the space 12288K,  78% used [0x34800000, 0x35171ca8, 0x35171e00, 0x35400000)
    ro space 10240K,  44% used [0x38800000, 0x38c7b1c8, 0x38c7b200, 0x39200000)
    rw space 12288K,  52% used [0x39200000, 0x398431d0, 0x39843200, 0x39e00000)
}
Event: 22.593 GC heap before
{Heap before GC invocations=59 (full 2):
 def new generation   total 8512K, used 7967K [0x24800000, 0x25130000, 0x29d50000)
  eden space 7616K, 100% used [0x24800000, 0x24f70000, 0x24f70000)
  from space 896K,  39% used [0x25050000, 0x250a7eb8, 0x25130000)
  to   space 896K,   0% used [0x24f70000, 0x24f70000, 0x25050000)
 tenured generation   total 18736K, used 13760K [0x29d50000, 0x2af9c000, 0x34800000)
   the space 18736K,  73% used [0x29d50000, 0x2aac0108, 0x2aac0200, 0x2af9c000)
 compacting perm gen  total 12288K, used 9690K [0x34800000, 0x35400000, 0x38800000)
   the space 12288K,  78% used [0x34800000, 0x35176a90, 0x35176c00, 0x35400000)
    ro space 10240K,  44% used [0x38800000, 0x38c7b1c8, 0x38c7b200, 0x39200000)
    rw space 12288K,  52% used [0x39200000, 0x398431d0, 0x39843200, 0x39e00000)
Event: 22.598 GC heap after
Heap after GC invocations=60 (full 2):
 def new generation   total 8512K, used 896K [0x24800000, 0x25130000, 0x29d50000)
  eden space 7616K,   0% used [0x24800000, 0x24800000, 0x24f70000)
  from space 896K, 100% used [0x24f70000, 0x25050000, 0x25050000)
  to   space 896K,   0% used [0x25050000, 0x25050000, 0x25130000)
 tenured generation   total 18736K, used 13784K [0x29d50000, 0x2af9c000, 0x34800000)
   the space 18736K,  73% used [0x29d50000, 0x2aac63a0, 0x2aac6400, 0x2af9c000)
 compacting perm gen  total 12288K, used 9690K [0x34800000, 0x35400000, 0x38800000)
   the space 12288K,  78% used [0x34800000, 0x35176a90, 0x35176c00, 0x35400000)
    ro space 10240K,  44% used [0x38800000, 0x38c7b1c8, 0x38c7b200, 0x39200000)
    rw space 12288K,  52% used [0x39200000, 0x398431d0, 0x39843200, 0x39e00000)
}
Event: 25.645 GC heap before
{Heap before GC invocations=60 (full 2):
 def new generation   total 8512K, used 8512K [0x24800000, 0x25130000, 0x29d50000)
  eden space 7616K, 100% used [0x24800000, 0x24f70000, 0x24f70000)
  from space 896K, 100% used [0x24f70000, 0x25050000, 0x25050000)
  to   space 896K,   0% used [0x25050000, 0x25050000, 0x25130000)
 tenured generation   total 18736K, used 13784K [0x29d50000, 0x2af9c000, 0x34800000)
   the space 18736K,  73% used [0x29d50000, 0x2aac63a0, 0x2aac6400, 0x2af9c000)
 compacting perm gen  total 12288K, used 9693K [0x34800000, 0x35400000, 0x38800000)
   the space 12288K,  78% used [0x34800000, 0x35177440, 0x35177600, 0x35400000)
    ro space 10240K,  44% used [0x38800000, 0x38c7b1c8, 0x38c7b200, 0x39200000)
    rw space 12288K,  52% used [0x39200000, 0x398431d0, 0x39843200, 0x39e00000)
Event: 25.653 GC heap after
Heap after GC invocations=61 (full 2):
 def new generation   total 8512K, used 385K [0x24800000, 0x25130000, 0x29d50000)
  eden space 7616K,   0% used [0x24800000, 0x24800000, 0x24f70000)
  from space 896K,  42% used [0x25050000, 0x250b0428, 0x25130000)
  to   space 896K,   0% used [0x24f70000, 0x24f70000, 0x25050000)
 tenured generation   total 18736K, used 14669K [0x29d50000, 0x2af9c000, 0x34800000)
   the space 18736K,  78% used [0x29d50000, 0x2aba3510, 0x2aba3600, 0x2af9c000)
 compacting perm gen  total 12288K, used 9693K [0x34800000, 0x35400000, 0x38800000)
   the space 12288K,  78% used [0x34800000, 0x35177440, 0x35177600, 0x35400000)
    ro space 10240K,  44% used [0x38800000, 0x38c7b1c8, 0x38c7b200, 0x39200000)
    rw space 12288K,  52% used [0x39200000, 0x398431d0, 0x39843200, 0x39e00000)
}

